{
  "RSpec": {
    "coverage": {
      "/home/alpha/workspace/api-documentation/app/controllers/api/v1/books_controller.rb": [
        null,
        null,
        1,
        null,
        1,
        null,
        1,
        null,
        1,
        null,
        1,
        1,
        1,
        null,
        null,
        1,
        0,
        null,
        null,
        1,
        0,
        0,
        0,
        null,
        0,
        null,
        null,
        null,
        1,
        0,
        0,
        null,
        0,
        null,
        null,
        null,
        1,
        0,
        null,
        null,
        1,
        null,
        1,
        0,
        null,
        null,
        1,
        0,
        null,
        null,
        null,
        null,
        null,
        null,
        null
      ],
      "/home/alpha/workspace/api-documentation/app/models/book.rb": [
        1,
        null,
        1,
        null,
        1,
        1,
        null,
        null
      ],
      "/home/alpha/workspace/api-documentation/app/controllers/api/v1/authors_controller.rb": [
        null,
        null,
        0,
        null,
        0,
        null,
        0,
        null,
        0,
        null,
        0,
        0,
        0,
        0,
        null,
        0,
        0,
        0,
        null,
        0,
        0,
        0,
        0,
        0,
        0,
        0,
        0,
        null,
        0,
        0,
        0,
        0,
        0,
        0,
        0,
        null,
        0,
        0,
        0,
        null,
        0,
        null,
        0,
        0,
        0,
        null,
        0,
        0,
        0,
        null,
        0,
        null,
        0,
        null,
        0
      ],
      "/home/alpha/workspace/api-documentation/app/models/author.rb": [
        0,
        null,
        0,
        null,
        0,
        0,
        null,
        0
      ],
      "/home/alpha/workspace/api-documentation/app/models/authorship.rb": [
        0,
        null,
        0,
        0,
        null,
        0,
        0,
        null,
        0
      ],
      "/home/alpha/workspace/api-documentation/app/serializers/book_serializer.rb": [
        null,
        null,
        0,
        null,
        0,
        0,
        null,
        0
      ],
      "/home/alpha/workspace/api-documentation/app/serializers/author_serializer.rb": [
        null,
        null,
        0,
        null,
        0,
        0,
        null,
        0
      ]
    },
    "timestamp": 1555163376
  }
}
